<?xml version="1.0" encoding="UTF-8"?>
<!-- Generated by org.testng.reporters.JUnitReportReporter -->
<testsuite hostname="Jabeds-MacBook-Air.local" failures="0" tests="2" name="com.careerhack.runners.TestRunner" time="8.270" errors="2" timestamp="26 Mar 2022 18:19:16 GMT" skipped="0">
  <testcase classname="com.careerhack.runners.TestRunner" name="runScenario" time="2.295">
    <error type="java.lang.NullPointerException">
      <![CDATA[java.lang.NullPointerException
at com.careerhack.steps.GoogleSearchHeist.i_enter_a_search(GoogleSearchHeist.java:31)
at ✽.i enter a search "<keyword>"(file:///Users/jabed/eclipse-workspace/QAHeistQAF/Features/GoogleSearchHeist.feature:6)
]]>
    </error>
  </testcase> <!-- runScenario -->
  <testcase classname="com.careerhack.runners.TestRunner" name="runScenario" time="5.975">
    <error type="java.lang.NullPointerException">
      <![CDATA[java.lang.NullPointerException
at com.careerhack.steps.GoogleSearchHeist.i_enter_a_search(GoogleSearchHeist.java:31)
at ✽.i enter a search "<keyword>"(file:///Users/jabed/eclipse-workspace/QAHeistQAF/Features/GoogleSearchHeist.feature:6)
]]>
    </error>
  </testcase> <!-- runScenario -->
</testsuite> <!-- com.careerhack.runners.TestRunner -->
